<?xml version="1.0" encoding="UTF-8"?>
<testng-results ignored="0" total="2" passed="2" failed="0" skipped="0">
  <reporter-output>
  </reporter-output>
  <suite started-at="2024-03-01T13:33:17 CET" name="Default suite" finished-at="2024-03-01T13:33:30 CET" duration-ms="12956">
    <groups>
      <group name="cucumber">
        <method signature="AbstractTestNGCucumberTests.runScenario(io.cucumber.testng.PickleWrapper,io.cucumber.testng.FeatureWrapper)[pri:0, instance:runners.MainRunner@302552ec]" name="runScenario" class="io.cucumber.testng.AbstractTestNGCucumberTests"/>
      </group> <!-- cucumber -->
    </groups>
    <test started-at="2024-03-01T13:33:17 CET" name="Default test" finished-at="2024-03-01T13:33:30 CET" duration-ms="12956">
      <class name="runners.MainRunner">
        <test-method is-config="true" signature="setUpClass(org.testng.ITestContext)[pri:0, instance:runners.MainRunner@302552ec]" started-at="2024-03-01T13:33:17 CET" name="setUpClass" finished-at="2024-03-01T13:33:18 CET" duration-ms="762" status="PASS">
          <params>
            <param index="0">
              <value>
                <![CDATA[org.testng.TestRunner@31024624]]>
              </value>
            </param>
          </params>
          <reporter-output>
          </reporter-output>
        </test-method> <!-- setUpClass -->
        <test-method signature="runScenario(io.cucumber.testng.PickleWrapper,io.cucumber.testng.FeatureWrapper)[pri:0, instance:runners.MainRunner@302552ec]" started-at="2024-03-01T13:33:18 CET" name="runScenario" description="Runs Cucumber Scenarios" data-provider="scenarios" finished-at="2024-03-01T13:33:30 CET" duration-ms="12076" status="PASS">
          <params>
            <param index="0">
              <value>
                <![CDATA["As a user I want to check if login and password are working correcty"]]>
              </value>
            </param>
            <param index="1">
              <value>
                <![CDATA["Login is successfully executed"]]>
              </value>
            </param>
          </params>
          <reporter-output>
          </reporter-output>
        </test-method> <!-- runScenario -->
        <test-method signature="runScenario(io.cucumber.testng.PickleWrapper,io.cucumber.testng.FeatureWrapper)[pri:0, instance:runners.MainRunner@302552ec]" started-at="2024-03-01T13:33:18 CET" name="runScenario" description="Runs Cucumber Scenarios" data-provider="scenarios" finished-at="2024-03-01T13:33:29 CET" duration-ms="10977" status="PASS">
          <params>
            <param index="0">
              <value>
                <![CDATA["As a user I want to check if login and password are working correcty"]]>
              </value>
            </param>
            <param index="1">
              <value>
                <![CDATA["Login is successfully executed"]]>
              </value>
            </param>
          </params>
          <reporter-output>
          </reporter-output>
        </test-method> <!-- runScenario -->
        <test-method is-config="true" signature="tearDownClass()[pri:0, instance:runners.MainRunner@302552ec]" started-at="2024-03-01T13:33:30 CET" name="tearDownClass" finished-at="2024-03-01T13:33:30 CET" duration-ms="70" status="PASS">
          <reporter-output>
          </reporter-output>
        </test-method> <!-- tearDownClass -->
      </class> <!-- runners.MainRunner -->
    </test> <!-- Default test -->
  </suite> <!-- Default suite -->
</testng-results>
